<?xml version="1.0" encoding="UTF-8"?>
<!-- Generated by org.testng.reporters.JUnitXMLReporter -->
<testsuite hostname="TRI03L-5TH09Z1" ignored="0" name="ContactsPage Test" tests="4" failures="2" timestamp="28 Aug 2020 09:58:05 GMT" time="37.805" errors="0">
  <testcase name="contactsPageTitleTest" time="1.005" classname="com.qa.hubspot.tests.ContactsPageTest"/>
  <testcase name="headerTest" time="2.93" classname="com.qa.hubspot.tests.ContactsPageTest"/>
  <testcase name="createContactTest" time="1.612" classname="com.qa.hubspot.tests.ContactsPageTest">
    <failure type="org.openqa.selenium.ElementNotInteractableException" message="element not interactable
  (Session info: chrome=84.0.4147.135)
Build info: version: &amp;apos;3.141.59&amp;apos;, revision: &amp;apos;e82be7d358&amp;apos;, time: &amp;apos;2018-11-14T08:17:03&amp;apos;
System info: host: &amp;apos;TRI03L-5TH09Z1&amp;apos;, ip: &amp;apos;192.168.1.5&amp;apos;, os.name: &amp;apos;Windows 10&amp;apos;, os.arch: &amp;apos;amd64&amp;apos;, os.version: &amp;apos;10.0&amp;apos;, java.version: &amp;apos;1.8.0_221&amp;apos;
Driver info: org.openqa.selenium.chrome.ChromeDriver
Capabilities {acceptInsecureCerts: false, browserName: chrome, browserVersion: 84.0.4147.135, chrome: {chromedriverVersion: 84.0.4147.30 (48b3e868b4cc0..., userDataDir: C:\Users\RAMAKR~1.P\AppData...}, goog:chromeOptions: {debuggerAddress: localhost:65166}, javascriptEnabled: true, networkConnectionEnabled: false, pageLoadStrategy: normal, platform: WINDOWS, platformName: WINDOWS, proxy: Proxy(), setWindowRect: true, strictFileInteractability: false, timeouts: {implicit: 0, pageLoad: 300000, script: 30000}, unhandledPromptBehavior: dismiss and notify, webauthn:virtualAuthenticators: true}
Session ID: 7d678fab129d6b6b60eb6c3b8ad4cb4e">
      <![CDATA[org.openqa.selenium.ElementNotInteractableException: element not interactable
  (Session info: chrome=84.0.4147.135)
Build info: version: '3.141.59', revision: 'e82be7d358', time: '2018-11-14T08:17:03'
System info: host: 'TRI03L-5TH09Z1', ip: '192.168.1.5', os.name: 'Windows 10', os.arch: 'amd64', os.version: '10.0', java.version: '1.8.0_221'
Driver info: org.openqa.selenium.chrome.ChromeDriver
Capabilities {acceptInsecureCerts: false, browserName: chrome, browserVersion: 84.0.4147.135, chrome: {chromedriverVersion: 84.0.4147.30 (48b3e868b4cc0..., userDataDir: C:\Users\RAMAKR~1.P\AppData...}, goog:chromeOptions: {debuggerAddress: localhost:65166}, javascriptEnabled: true, networkConnectionEnabled: false, pageLoadStrategy: normal, platform: WINDOWS, platformName: WINDOWS, proxy: Proxy(), setWindowRect: true, strictFileInteractability: false, timeouts: {implicit: 0, pageLoad: 300000, script: 30000}, unhandledPromptBehavior: dismiss and notify, webauthn:virtualAuthenticators: true}
Session ID: 7d678fab129d6b6b60eb6c3b8ad4cb4e
at org.openqa.selenium.remote.http.W3CHttpResponseCodec.createException(W3CHttpResponseCodec.java:187)
at org.openqa.selenium.remote.http.W3CHttpResponseCodec.decode(W3CHttpResponseCodec.java:122)
at org.openqa.selenium.remote.http.W3CHttpResponseCodec.decode(W3CHttpResponseCodec.java:49)
at org.openqa.selenium.remote.HttpCommandExecutor.execute(HttpCommandExecutor.java:158)
at org.openqa.selenium.remote.service.DriverCommandExecutor.execute(DriverCommandExecutor.java:83)
at org.openqa.selenium.remote.RemoteWebDriver.execute(RemoteWebDriver.java:552)
at org.openqa.selenium.remote.RemoteWebElement.execute(RemoteWebElement.java:285)
at org.openqa.selenium.remote.RemoteWebElement.sendKeys(RemoteWebElement.java:106)
at com.qa.hubspot.pages.ContactsPage.doCreateContact(ContactsPage.java:41)
at com.qa.hubspot.tests.ContactsPageTest.createContactTest(ContactsPageTest.java:60)
... Removed 29 stack frames]]>
    </failure>
  </testcase> <!-- createContactTest -->
  <testcase name="createContactTest" time="3.101" classname="com.qa.hubspot.tests.ContactsPageTest">
    <failure type="java.lang.NullPointerException">
      <![CDATA[java.lang.NullPointerException
at com.qa.hubspot.base.BasePage.getScreenShot(BasePage.java:109)
at com.qa.hubspot.listeners.ExtentReportListener.onTestFailure(ExtentReportListener.java:97)
... Removed 22 stack frames]]>
    </failure>
  </testcase> <!-- createContactTest -->
</testsuite> <!-- ContactsPage Test -->
